<?xml version="1.0" encoding="UTF-8"?>
<!-- Generated by org.testng.reporters.JUnitReportReporter -->
<testsuite skipped="1" hostname="DESKTOP-74FCHJ8" name="com.runner.RunLogin" tests="1" failures="0" timestamp="09 Jun 2022 03:17:58 GMT" time="0.000" errors="0">
  <testcase name="feature" time="0.000" classname="com.runner.RunLogin">
    <skipped/>
  </testcase> <!-- feature -->
</testsuite> <!-- com.runner.RunLogin -->
